0 info it worked if it ends with ok
1 verbose cli [ '/Users/christophepouliot/.nvm/versions/node/v6.4.0/bin/node',
1 verbose cli   '/Users/christophepouliot/.nvm/versions/node/v6.4.0/bin/npm',
1 verbose cli   'start' ]
2 info using npm@3.10.3
3 info using node@v6.4.0
4 verbose run-script [ 'prestart', 'start', 'poststart' ]
5 info lifecycle chat-app@1.0.0~prestart: chat-app@1.0.0
6 silly lifecycle chat-app@1.0.0~prestart: no script for prestart, continuing
7 info lifecycle chat-app@1.0.0~start: chat-app@1.0.0
8 verbose lifecycle chat-app@1.0.0~start: unsafe-perm in lifecycle true
9 verbose lifecycle chat-app@1.0.0~start: PATH: /Users/christophepouliot/.nvm/versions/node/v6.4.0/lib/node_modules/npm/bin/node-gyp-bin:/Users/christophepouliot/Projects/chat-app/node_modules/.bin:/Users/christophepouliot/.nvm/versions/node/v6.4.0/bin:/Users/christophepouliot/.nvm/versions/node/v6.4.0/bin:/Users/christophepouliot/.rvm/gems/ruby-2.3.0/bin:/Users/christophepouliot/.rvm/gems/ruby-2.3.0@global/bin:/Users/christophepouliot/.rvm/rubies/ruby-2.3.0/bin:/Users/christophepouliot/Projects/tool-cli:/Users/christophepouliot/go/bin:/usr/local/heroku/bin:/Users/christophepouliot/.pyenv/shims:/usr/local/bin:/usr/bin:/bin:/usr/sbin:/sbin:/Applications/Postgres.app/Contents/MacOS/bin:/Users/christophepouliot/.rvm/bin
10 verbose lifecycle chat-app@1.0.0~start: CWD: /Users/christophepouliot/Projects/chat-app
11 silly lifecycle chat-app@1.0.0~start: Args: [ '-c', 'babel-node server/server.js' ]
12 silly lifecycle chat-app@1.0.0~start: Returned: code: 1  signal: null
13 info lifecycle chat-app@1.0.0~start: Failed to exec start script
14 verbose stack Error: chat-app@1.0.0 start: `babel-node server/server.js`
14 verbose stack Exit status 1
14 verbose stack     at EventEmitter.<anonymous> (/Users/christophepouliot/.nvm/versions/node/v6.4.0/lib/node_modules/npm/lib/utils/lifecycle.js:242:16)
14 verbose stack     at emitTwo (events.js:106:13)
14 verbose stack     at EventEmitter.emit (events.js:191:7)
14 verbose stack     at ChildProcess.<anonymous> (/Users/christophepouliot/.nvm/versions/node/v6.4.0/lib/node_modules/npm/lib/utils/spawn.js:40:14)
14 verbose stack     at emitTwo (events.js:106:13)
14 verbose stack     at ChildProcess.emit (events.js:191:7)
14 verbose stack     at maybeClose (internal/child_process.js:852:16)
14 verbose stack     at Process.ChildProcess._handle.onexit (internal/child_process.js:215:5)
15 verbose pkgid chat-app@1.0.0
16 verbose cwd /Users/christophepouliot/Projects/chat-app
17 error Darwin 15.6.0
18 error argv "/Users/christophepouliot/.nvm/versions/node/v6.4.0/bin/node" "/Users/christophepouliot/.nvm/versions/node/v6.4.0/bin/npm" "start"
19 error node v6.4.0
20 error npm  v3.10.3
21 error code ELIFECYCLE
22 error chat-app@1.0.0 start: `babel-node server/server.js`
22 error Exit status 1
23 error Failed at the chat-app@1.0.0 start script 'babel-node server/server.js'.
23 error Make sure you have the latest version of node.js and npm installed.
23 error If you do, this is most likely a problem with the chat-app package,
23 error not with npm itself.
23 error Tell the author that this fails on your system:
23 error     babel-node server/server.js
23 error You can get information on how to open an issue for this project with:
23 error     npm bugs chat-app
23 error Or if that isn't available, you can get their info via:
23 error     npm owner ls chat-app
23 error There is likely additional logging output above.
24 verbose exit [ 1, true ]
